<?xml version="1.0" encoding="UTF-8"?>
<!-- Generated by org.testng.reporters.JUnitReportReporter -->
<testsuite hostname="WIN-S4H77DMCK6V" name="business.drh.service.ServiceDrhTest_7_Unit_Test_TestNG_mockito" tests="1" failures="0" timestamp="12 Sep 2018 15:41:39 GMT" time="0.027" errors="0">
  <testcase name="testHappyPath" time="0.027" classname="business.drh.service.ServiceDrhTest_7_Unit_Test_TestNG_mockito"/>
</testsuite> <!-- business.drh.service.ServiceDrhTest_7_Unit_Test_TestNG_mockito -->
