<?xml version="1.0" encoding="UTF-8"?>
<!-- Generated by org.testng.reporters.JUnitReportReporter -->
<testsuite hostname="WIN-S4H77DMCK6V" name="business.drh.service.ServiceDrhTest_4_Integration_Test_TestNG_no_tools" tests="2" failures="0" timestamp="12 Sep 2018 15:41:39 GMT" time="0.010" errors="0">
  <testcase name="testHappyPath" time="0.007" classname="business.drh.service.ServiceDrhTest_4_Integration_Test_TestNG_no_tools"/>
  <testcase name="testHappyPath2" time="0.003" classname="business.drh.service.ServiceDrhTest_4_Integration_Test_TestNG_no_tools"/>
</testsuite> <!-- business.drh.service.ServiceDrhTest_4_Integration_Test_TestNG_no_tools -->
